
2016-02-04 16:21:03:
#56b3503f982a9
data:
array (
  'method' => 'waPayment::callback',
  'request' => 
  array (
    'sp_result' => '1',
    'sp_order_id' => '2253',
    'sp_payment_id' => '166299',
    'sp_payment_system' => 'TEST',
    'sp_amount' => '3950.00',
    'sp_ps_amount' => '3950.00',
    'sp_net_amount' => '3752.50',
    'sp_salt' => '34352',
    'sp_sig' => 'a299700b0b471f79470b3e279d7cb3b3',
    'app_id' => 'shop',
    'wa_outlet_id' => '',
    'type' => 'result',
  ),
  'ip' => '127.0.0.1',
  'agent' => 'SimplePay Client',
)

2016-02-04 16:21:03:
#56b3503f982a9
data:
array (
  'method' => 'waPayment::callbackInit',
  'app_id' => 'shop',
  'merchant_id' => NULL,
)

2016-02-04 16:21:03:
#56b3503f982a9
data:
array (
  'method' => 'waPayment::execAppCallback',
  'app_id' => 'shop',
  'callback_method' => 'payment',
  'transaction_data' => 
  array (
    'plugin' => 'simplepay',
    'merchant_id' => NULL,
    'date_time' => '2016-02-04 16:21:03',
    'update_datetime' => '2016-02-04 16:21:03',
    'result' => true,
    'view_data' => 'Номер транзакции 2253',
    'native_id' => '2253',
    'order_id' => '2253',
    'amount' => '3950.00',
    'currency_id' => NULL,
    'state' => 'CAPTURED',
    'app_id' => 'shop',
    'id' => 1,
  ),
  'result' => 
  array (
    'error' => 'Invalid plugin id',
  ),
)

2016-02-24 23:41:03:
#56ce155f343c2
data:
array (
  'method' => 'waPayment::callback',
  'request' => 
  array (
    'sp_result' => '1',
    'sp_order_id' => '2296',
    'sp_payment_id' => '181162',
    'sp_payment_system' => 'TEST',
    'sp_amount' => '6447.00',
    'sp_ps_amount' => '6447.00',
    'sp_net_amount' => '6124.65',
    'sp_salt' => '9777',
    'sp_sig' => '1ec7efd3ad76b4b008b9227337ed6eae',
    'app_id' => 'shop',
    'wa_outlet_id' => '',
    'type' => 'result',
  ),
  'ip' => '127.0.0.1',
  'agent' => 'SimplePay Client',
)

2016-02-24 23:41:03:
#56ce155f343c2
data:
array (
  'method' => 'waPayment::callbackInit',
  'app_id' => 'shop',
  'merchant_id' => NULL,
)

2016-02-24 23:41:03:
#56ce155f343c2
data:
array (
  'method' => 'waPayment::execAppCallback',
  'app_id' => 'shop',
  'callback_method' => 'payment',
  'transaction_data' => 
  array (
    'plugin' => 'simplepay',
    'merchant_id' => NULL,
    'date_time' => '2016-02-24 23:41:03',
    'update_datetime' => '2016-02-24 23:41:03',
    'result' => true,
    'view_data' => 'Номер транзакции 2296',
    'native_id' => '2296',
    'order_id' => '2296',
    'amount' => '6447.00',
    'currency_id' => NULL,
    'state' => 'CAPTURED',
    'app_id' => 'shop',
    'id' => 2,
  ),
  'result' => 
  array (
    'error' => 'Invalid plugin id',
  ),
)

2016-02-25 13:23:04:
#56ced60847864
data:
array (
  'method' => 'waPayment::callback',
  'request' => 
  array (
    'sp_result' => '1',
    'sp_order_id' => '2298',
    'sp_payment_id' => '181592',
    'sp_payment_system' => 'TEST',
    'sp_amount' => '3290.00',
    'sp_ps_amount' => '3290.00',
    'sp_net_amount' => '3125.50',
    'sp_salt' => '28916',
    'sp_sig' => 'f540ac1af3a39e10b73ea251553a593e',
    'app_id' => 'shop',
    'wa_outlet_id' => '',
    'type' => 'result',
  ),
  'ip' => '127.0.0.1',
  'agent' => 'SimplePay Client',
)

2016-02-25 13:23:04:
#56ced60847864
data:
array (
  'method' => 'waPayment::callbackInit',
  'app_id' => 'shop',
  'merchant_id' => NULL,
)

2016-02-25 13:23:04:
#56ced60847864
data:
array (
  'method' => 'waPayment::execAppCallback',
  'app_id' => 'shop',
  'callback_method' => 'payment',
  'transaction_data' => 
  array (
    'plugin' => 'simplepay',
    'merchant_id' => NULL,
    'date_time' => '2016-02-25 13:23:04',
    'update_datetime' => '2016-02-25 13:23:04',
    'result' => true,
    'view_data' => 'Номер транзакции 2298',
    'native_id' => '2298',
    'order_id' => '2298',
    'amount' => '3290.00',
    'currency_id' => NULL,
    'state' => 'CAPTURED',
    'app_id' => 'shop',
    'id' => 3,
  ),
  'result' => 
  array (
    'error' => 'Invalid plugin id',
  ),
)
